[INFO] Scanning for projects...
[INFO] 
[INFO] ----------------< ZenFulcrumProject:ZenFulcrumProject >-----------------
[INFO] Building ZenFulcrumProject 0.0.1-SNAPSHOT
[INFO] --------------------------------[ jar ]---------------------------------
[INFO] 
[INFO] --- maven-clean-plugin:3.1.0:clean (default-clean) @ ZenFulcrumProject ---
[INFO] Deleting D:\eclipse-workspace\jarfiledemo\target
[INFO] 
[INFO] ----------------< ZenFulcrumProject:ZenFulcrumProject >-----------------
[INFO] Building ZenFulcrumProject 0.0.1-SNAPSHOT
[INFO] --------------------------------[ jar ]---------------------------------
[INFO] 
[INFO] >>> maven-assembly-plugin:2.2:assembly (default-cli) > package @ ZenFulcrumProject >>>
[INFO] 
[INFO] --- maven-resources-plugin:3.0.2:resources (default-resources) @ ZenFulcrumProject ---
[WARNING] Using platform encoding (Cp1252 actually) to copy filtered resources, i.e. build is platform dependent!
[INFO] Copying 0 resource
[INFO] 
[INFO] --- maven-compiler-plugin:3.8.0:compile (default-compile) @ ZenFulcrumProject ---
[INFO] Changes detected - recompiling the module!
[WARNING] File encoding has not been set, using platform encoding Cp1252, i.e. build is platform dependent!
[INFO] Compiling 4 source files to D:\eclipse-workspace\jarfiledemo\target\classes
[INFO] 
[INFO] --- maven-resources-plugin:3.0.2:testResources (default-testResources) @ ZenFulcrumProject ---
[WARNING] Using platform encoding (Cp1252 actually) to copy filtered resources, i.e. build is platform dependent!
[INFO] Copying 1 resource
[INFO] 
[INFO] --- maven-compiler-plugin:3.8.0:testCompile (default-testCompile) @ ZenFulcrumProject ---
[INFO] Changes detected - recompiling the module!
[WARNING] File encoding has not been set, using platform encoding Cp1252, i.e. build is platform dependent!
[INFO] Compiling 2 source files to D:\eclipse-workspace\jarfiledemo\target\test-classes
[INFO] 
[INFO] --- maven-surefire-plugin:2.22.1:test (default-test) @ ZenFulcrumProject ---
[INFO] 
[INFO] -------------------------------------------------------
[INFO]  T E S T S
[INFO] -------------------------------------------------------
[INFO] Running TestSuite
Terminate batch job (Y/N)? 
Terminate batch job (Y/N)? 
